{"level":"debug","msg":"111111111111","time":"2022-04-07T09:40:35+08:00"}
{"level":"error","msg":"","time":"2022-04-07T09:40:35+08:00"}
[GIN-debug] [WARNING] Creating an Engine instance with the Logger and Recovery middleware already attached.

[GIN-debug] [WARNING] Running in "debug" mode. Switch to "release" mode in production.
 - using env:	export GIN_MODE=release
 - using code:	gin.SetMode(gin.ReleaseMode)

[GIN-debug] POST   /register                 --> com.csion/tasks/controller.Register (5 handlers)
[GIN-debug] POST   /login                    --> com.csion/tasks/controller.Login (5 handlers)
[GIN-debug] POST   /task                     --> com.csion/tasks/controller.AddTask (6 handlers)
[GIN-debug] DELETE /task                     --> com.csion/tasks/controller.DelTask (6 handlers)
[GIN-debug] GET    /task                     --> com.csion/tasks/controller.GetTasks (6 handlers)
[GIN-debug] POST   /taskLayout/layoutTask    --> com.csion/tasks/controller.LayoutTask (6 handlers)
[GIN-debug] GET    /taskLayout/layoutInfo    --> com.csion/tasks/controller.TaskLayoutInfo (6 handlers)
[GIN-debug] GET    /run                      --> com.csion/tasks/controller.RunJob (6 handlers)
[GIN-debug] GET    /record                   --> com.csion/tasks/controller.GetTaskRecord (6 handlers)
[GIN-debug] GET    /record/taskLog           --> com.csion/tasks/controller.GetTaskLog (6 handlers)
[GIN-debug] GET    /ws/taskLog               --> com.csion/tasks/controller.GetTaskLogForWS (5 handlers)
[GIN-debug] GET    /ws/taskStage             --> com.csion/tasks/controller.UpdateTaskRecord (5 handlers)
[GIN-debug] GET    /hello                    --> com.csion/tasks/controller.Hello (6 handlers)
[GIN-debug] [WARNING] You trusted all proxies, this is NOT safe. We recommend you to set a value.
Please check https://pkg.go.dev/github.com/gin-gonic/gin#readme-don-t-trust-all-proxies for details.
[GIN-debug] Listening and serving HTTP on 127.0.0.1:9044
